Standalone/android/app/build/intermediates/manifest_merge_blame_file/debug/manifest-merger-blame-debug-report.txt
1<?xml version="1.0" encoding="utf-8"?>
2<manifest xmlns:android="http://schemas.android.com/apk/res/android"
3    package="com.cbreactnativeapp"
4    android:versionCode="1"
5    android:versionName="1.0" >
6
7    <uses-sdk
8        android:minSdkVersion="22"
9        android:targetSdkVersion="29" />
10
11    <uses-permission android:name="android.permission.SYSTEM_ALERT_WINDOW" />
11-->src/debug/AndroidManifest.xml:5:5-77
11-->src/debug/AndroidManifest.xml:5:22-75
12    <uses-permission android:name="android.permission.INTERNET" />
12-->src/main/AndroidManifest.xml:4:5-67
12-->src/main/AndroidManifest.xml:4:22-64
13    <uses-permission android:name="android.permission.GET_ACCOUNTS" />
13-->src/main/AndroidManifest.xml:5:5-71
13-->src/main/AndroidManifest.xml:5:22-68
14    <uses-permission android:name="android.permission.READ_PROFILE" />
14-->src/main/AndroidManifest.xml:6:5-71
14-->src/main/AndroidManifest.xml:6:22-68
15    <uses-permission android:name="android.permission.READ_CONTACTS" />
15-->src/main/AndroidManifest.xml:7:5-72
15-->src/main/AndroidManifest.xml:7:22-69
16    <uses-permission android:name="android.permission.ACCESS_WIFI_STATE" />
16-->[com.facebook.flipper:flipper:0.75.1] AndroidManifest.xml:16:5-76
16-->[com.facebook.flipper:flipper:0.75.1] AndroidManifest.xml:16:22-73
17    <uses-permission android:name="android.permission.WRITE_EXTERNAL_STORAGE" />
17-->[:react-native-fs] AndroidManifest.xml:11:5-81
17-->[:react-native-fs] AndroidManifest.xml:11:22-78
18
19    <application
19-->src/main/AndroidManifest.xml:9:5-27:19
20        android:name="com.cbreactnativeapp.MainApplication"
20-->src/main/AndroidManifest.xml:10:7-38
21        android:allowBackup="false"
21-->src/main/AndroidManifest.xml:14:7-34
22        android:appComponentFactory="androidx.core.app.CoreComponentFactory"
22-->[androidx.core:core:1.3.1] AndroidManifest.xml:24:18-86
23        android:debuggable="true"
24        android:icon="@mipmap/ic_launcher"
24-->src/main/AndroidManifest.xml:12:7-41
25        android:label="@string/app_name"
25-->src/main/AndroidManifest.xml:11:7-39
26        android:roundIcon="@mipmap/ic_launcher_round"
26-->src/main/AndroidManifest.xml:13:7-52
27        android:theme="@style/AppTheme"
27-->src/main/AndroidManifest.xml:15:7-38
28        android:usesCleartextTraffic="true" >
28-->src/debug/AndroidManifest.xml:8:9-44
29        <activity android:name="com.facebook.react.devsupport.DevSettingsActivity" />
29-->src/debug/AndroidManifest.xml:11:9-86
29-->src/debug/AndroidManifest.xml:11:19-83
30        <activity
30-->src/main/AndroidManifest.xml:16:7-26:18
31            android:name="com.cbreactnativeapp.MainActivity"
31-->src/main/AndroidManifest.xml:17:9-37
32            android:configChanges="keyboard|keyboardHidden|orientation|screenSize|uiMode"
32-->src/main/AndroidManifest.xml:19:9-86
33            android:label="@string/app_name"
33-->src/main/AndroidManifest.xml:18:9-41
34            android:launchMode="singleTask"
34-->src/main/AndroidManifest.xml:20:9-40
35            android:windowSoftInputMode="adjustResize" >
35-->src/main/AndroidManifest.xml:21:9-51
36            <intent-filter>
36-->src/main/AndroidManifest.xml:22:9-25:25
37                <action android:name="android.intent.action.MAIN" />
37-->src/main/AndroidManifest.xml:23:13-65
37-->src/main/AndroidManifest.xml:23:21-62
38
39                <category android:name="android.intent.category.LAUNCHER" />
39-->src/main/AndroidManifest.xml:24:13-73
39-->src/main/AndroidManifest.xml:24:23-70
40            </intent-filter>
41        </activity>
42
43        <provider
43-->[:react-native-image-picker] AndroidManifest.xml:12:9-20:20
44            android:name="com.imagepicker.ImagePickerProvider"
44-->[:react-native-image-picker] AndroidManifest.xml:13:13-63
45            android:authorities="com.cbreactnativeapp.imagepickerprovider"
45-->[:react-native-image-picker] AndroidManifest.xml:14:13-71
46            android:exported="false"
46-->[:react-native-image-picker] AndroidManifest.xml:15:13-37
47            android:grantUriPermissions="true" >
47-->[:react-native-image-picker] AndroidManifest.xml:16:13-47
48            <meta-data
48-->[:react-native-image-picker] AndroidManifest.xml:17:13-19:70
49                android:name="android.support.FILE_PROVIDER_PATHS"
49-->[:react-native-image-picker] AndroidManifest.xml:18:17-67
50                android:resource="@xml/imagepicker_provider_paths" />
50-->[:react-native-image-picker] AndroidManifest.xml:19:17-67
51        </provider>
52    </application>
53
54</manifest>